<?xml version="1.0" encoding="UTF-8"?>
<testng-results skipped="0" failed="0" ignored="0" total="1" passed="1">
  <reporter-output>
  </reporter-output>
  <suite name="Default suite" duration-ms="16085" started-at="2017-05-09T09:20:17Z" finished-at="2017-05-09T09:20:33Z">
    <groups>
    </groups>
    <test name="Default test" duration-ms="16085" started-at="2017-05-09T09:20:17Z" finished-at="2017-05-09T09:20:33Z">
      <class name="TestCode.LoginTest">
        <test-method status="PASS" signature="beforeSuite()[pri:0, instance:TestCode.LoginTest@1bce4f0a]" name="beforeSuite" is-config="true" duration-ms="15282" started-at="2017-05-09T17:20:01Z" finished-at="2017-05-09T17:20:17Z">
          <reporter-output>
          </reporter-output>
        </test-method> <!-- beforeSuite -->
        <test-method status="PASS" signature="setUp()[pri:0, instance:TestCode.LoginTest@1bce4f0a]" name="setUp" is-config="true" duration-ms="1" started-at="2017-05-09T17:20:17Z" finished-at="2017-05-09T17:20:17Z">
          <reporter-output>
          </reporter-output>
        </test-method> <!-- setUp -->
        <test-method status="PASS" signature="loginTest()[pri:0, instance:TestCode.LoginTest@1bce4f0a]" name="loginTest" duration-ms="13191" started-at="2017-05-09T17:20:17Z" description="从开机引导页登录" finished-at="2017-05-09T17:20:30Z">
          <reporter-output>
          </reporter-output>
        </test-method> <!-- loginTest -->
        <test-method status="PASS" signature="afterClass()[pri:0, instance:TestCode.LoginTest@1bce4f0a]" name="afterClass" is-config="true" duration-ms="2863" started-at="2017-05-09T17:20:30Z" finished-at="2017-05-09T17:20:33Z">
          <reporter-output>
          </reporter-output>
        </test-method> <!-- afterClass -->
      </class> <!-- TestCode.LoginTest -->
    </test> <!-- Default test -->
  </suite> <!-- Default suite -->
</testng-results>
