<?xml version="1.0" encoding="UTF-8"?>
<testng-results skipped="0" failed="0" ignored="0" total="1" passed="1">
  <reporter-output>
  </reporter-output>
  <suite name="Default suite" duration-ms="52125" started-at="2017-05-10T02:49:01Z" finished-at="2017-05-10T02:49:53Z">
    <groups>
    </groups>
    <test name="Default test" duration-ms="52125" started-at="2017-05-10T02:49:01Z" finished-at="2017-05-10T02:49:53Z">
      <class name="TestCode.LoginTest">
        <test-method status="PASS" signature="beforeSuite()[pri:0, instance:TestCode.LoginTest@1bce4f0a]" name="beforeSuite" is-config="true" duration-ms="13921" started-at="2017-05-10T10:48:47Z" finished-at="2017-05-10T10:49:01Z">
          <reporter-output>
          </reporter-output>
        </test-method> <!-- beforeSuite -->
        <test-method status="PASS" signature="setUp()[pri:0, instance:TestCode.LoginTest@1bce4f0a]" name="setUp" is-config="true" duration-ms="1" started-at="2017-05-10T10:49:01Z" finished-at="2017-05-10T10:49:01Z">
          <reporter-output>
          </reporter-output>
        </test-method> <!-- setUp -->
        <test-method status="PASS" signature="loginTest1()[pri:0, instance:TestCode.LoginTest@1bce4f0a]" name="loginTest1" duration-ms="49366" started-at="2017-05-10T10:49:01Z" description="从我的界面登录账号" finished-at="2017-05-10T10:49:51Z">
          <reporter-output>
          </reporter-output>
        </test-method> <!-- loginTest1 -->
        <test-method status="PASS" signature="afterClass()[pri:0, instance:TestCode.LoginTest@1bce4f0a]" name="afterClass" is-config="true" duration-ms="2731" started-at="2017-05-10T10:49:51Z" finished-at="2017-05-10T10:49:53Z">
          <reporter-output>
          </reporter-output>
        </test-method> <!-- afterClass -->
      </class> <!-- TestCode.LoginTest -->
    </test> <!-- Default test -->
  </suite> <!-- Default suite -->
</testng-results>
